2025-06-30T09:55:14.563642Z  INFO src/tui/config.rs:685: Auto Picker: Picker { font_size: (21, 45), protocol_type: Kitty, background_color: Rgba([0, 0, 0, 0]), is_tmux: false, capabilities: [Kitty, CellSize(Some((21, 45)))] }    
2025-06-30T09:55:14.563818Z  INFO src/tui/config.rs:688: Picker: Picker { font_size: (21, 45), protocol_type: Kitty, background_color: Rgba([0, 0, 0, 0]), is_tmux: false, capabilities: [Kitty, CellSize(Some((21, 45)))] }    
2025-06-30T09:55:14.563858Z  INFO src/tui/config.rs:700: Processing preview for file 0    
2025-06-30T09:55:14.564179Z  INFO src/tui/config.rs:678: PreviewWidget render took 31.833µs    
2025-06-30T09:55:14.564222Z  INFO src/tui/mod.rs:43: ConfigScreen render took 1.247667ms    
2025-06-30T09:55:14.565792Z  INFO src/tui/mod.rs:53: Terminal draw took 2.844083ms    
2025-06-30T09:55:14.583075Z  INFO src/tui/config.rs:678: PreviewWidget render took 22.875µs    
2025-06-30T09:55:14.583119Z  INFO src/tui/mod.rs:43: ConfigScreen render took 238.542µs    
2025-06-30T09:55:14.583436Z  INFO src/tui/mod.rs:53: Terminal draw took 616.625µs    
2025-06-30T09:55:14.600652Z  INFO src/tui/config.rs:678: PreviewWidget render took 19.792µs    
2025-06-30T09:55:14.600689Z  INFO src/tui/mod.rs:43: ConfigScreen render took 180.916µs    
2025-06-30T09:55:14.600946Z  INFO src/tui/mod.rs:53: Terminal draw took 477.834µs    
2025-06-30T09:55:14.618208Z  INFO src/tui/config.rs:678: PreviewWidget render took 21.875µs    
2025-06-30T09:55:14.618265Z  INFO src/tui/mod.rs:43: ConfigScreen render took 244.625µs    
2025-06-30T09:55:14.618505Z  INFO src/tui/mod.rs:53: Terminal draw took 527.125µs    
2025-06-30T09:55:14.635682Z  INFO src/tui/config.rs:678: PreviewWidget render took 17.083µs    
2025-06-30T09:55:14.635715Z  INFO src/tui/mod.rs:43: ConfigScreen render took 153.917µs    
2025-06-30T09:55:14.635920Z  INFO src/tui/mod.rs:53: Terminal draw took 398.958µs    
2025-06-30T09:55:14.652401Z  INFO src/tui/config.rs:678: PreviewWidget render took 15µs    
2025-06-30T09:55:14.652425Z  INFO src/tui/mod.rs:43: ConfigScreen render took 124.292µs    
2025-06-30T09:55:14.652624Z  INFO src/tui/mod.rs:53: Terminal draw took 350.25µs    
2025-06-30T09:55:14.669042Z  INFO src/tui/config.rs:678: PreviewWidget render took 16µs    
2025-06-30T09:55:14.669072Z  INFO src/tui/mod.rs:43: ConfigScreen render took 150.291µs    
2025-06-30T09:55:14.669272Z  INFO src/tui/mod.rs:53: Terminal draw took 391.917µs    
2025-06-30T09:55:14.685728Z  INFO src/tui/config.rs:678: PreviewWidget render took 18.125µs    
2025-06-30T09:55:14.685762Z  INFO src/tui/mod.rs:43: ConfigScreen render took 162.833µs    
2025-06-30T09:55:14.685963Z  INFO src/tui/mod.rs:53: Terminal draw took 406.125µs    
2025-06-30T09:55:14.703116Z  INFO src/tui/config.rs:678: PreviewWidget render took 15.5µs    
2025-06-30T09:55:14.703141Z  INFO src/tui/mod.rs:43: ConfigScreen render took 133.416µs    
2025-06-30T09:55:14.703340Z  INFO src/tui/mod.rs:53: Terminal draw took 365.75µs    
2025-06-30T09:55:14.720497Z  INFO src/tui/config.rs:678: PreviewWidget render took 15.542µs    
2025-06-30T09:55:14.720531Z  INFO src/tui/mod.rs:43: ConfigScreen render took 141.5µs    
2025-06-30T09:55:14.720731Z  INFO src/tui/mod.rs:53: Terminal draw took 380.125µs    
2025-06-30T09:55:14.737029Z  INFO src/tui/config.rs:678: PreviewWidget render took 16.292µs    
2025-06-30T09:55:14.737061Z  INFO src/tui/mod.rs:43: ConfigScreen render took 151.917µs    
2025-06-30T09:55:14.737266Z  INFO src/tui/mod.rs:53: Terminal draw took 402.5µs    
2025-06-30T09:55:14.742870Z  INFO src/tui/config.rs:703: Load and process took 178.99575ms    
2025-06-30T09:55:14.743576Z  INFO src/tui/config.rs:710: Protocol encoding took 685.208µs    
2025-06-30T09:55:14.801790Z  INFO src/tui/config.rs:671: Image render took 47.386792ms
2025-06-30T09:55:14.801828Z  INFO src/tui/config.rs:678: PreviewWidget render took 47.432542ms    
2025-06-30T09:55:14.801858Z  INFO src/tui/mod.rs:43: ConfigScreen render took 47.546792ms    
2025-06-30T09:55:16.050451Z  INFO src/tui/mod.rs:53: Terminal draw took 1.296183542s    
